<?xml version="1.0" encoding="UTF-8"?>
<!-- Generated by org.testng.reporters.JUnitReportReporter -->
<testsuite hostname="LAPTOP-KFVL9Q09" failures="0" tests="2" name="script.LoginPageTest" time="46.694" errors="0" timestamp="2025-07-20T17:25:21 IST" skipped="0">
  <testcase classname="script.LoginPageTest" name="verifyLoginPageTitle" time="25.288"/>
  <system-out/>
  <testcase classname="script.LoginPageTest" name="verifyLoginPageTitle" time="21.406"/>
  <system-out/>
</testsuite> <!-- script.LoginPageTest -->
